Fitter report for SixDigit_Electronic_Lock_Controller
Mon Jun 17 16:00:43 2024
Version 6.0 Build 202 06/20/2006 Service Pack 1 SJ Full Version


---------------------
; Table of Contents ;
---------------------
  1. Legal Notice
  2. Fitter Summary
  3. Fitter Settings
  4. Fitter Device Options
  5. Input Pins
  6. Output Pins
  7. All Package Pins
  8. Control Signals
  9. Global & Other Fast Signals
 10. Carry Chains
 11. Cascade Chains
 12. Non-Global High Fan-Out Signals
 13. Peripheral Signals
 14. LAB
 15. Local Routing Interconnect
 16. LAB External Interconnect
 17. Row Interconnect
 18. LAB Column Interconnect
 19. LAB Column Interconnect
 20. Fitter Resource Usage Summary
 21. Fitter Resource Utilization by Entity
 22. Delay Chain Summary
 23. Pin-Out File
 24. Fitter Messages



----------------
; Legal Notice ;
----------------
Copyright (C) 1991-2006 Altera Corporation
Your use of Altera Corporation's design tools, logic functions 
and other software and tools, and its AMPP partner logic 
functions, and any output files any of the foregoing 
(including device programming or simulation files), and any 
associated documentation or information are expressly subject 
to the terms and conditions of the Altera Program License 
Subscription Agreement, Altera MegaCore Function License 
Agreement, or other applicable license agreement, including, 
without limitation, that your use is for the sole purpose of 
programming logic devices manufactured by Altera and sold by 
Altera or its authorized distributors.  Please refer to the 
applicable agreement for further details.



+-----------------------------------------------------------------------+
; Fitter Summary                                                        ;
+-----------------------+-----------------------------------------------+
; Fitter Status         ; Successful - Mon Jun 17 16:00:43 2024         ;
; Quartus II Version    ; 6.0 Build 202 06/20/2006 SP 1 SJ Full Version ;
; Revision Name         ; SixDigit_Electronic_Lock_Controller           ;
; Top-level Entity Name ; SixDigit_Electronic_Lock_Controller           ;
; Family                ; ACEX1K                                        ;
; Device                ; EP1K30TC144-1                                 ;
; Timing Models         ; Final                                         ;
; Total logic elements  ; 291 / 1,728 ( 17 % )                          ;
; Total pins            ; 44 / 102 ( 43 % )                             ;
; Total memory bits     ; 0 / 24,576 ( 0 % )                            ;
; Total PLLs            ; 0 / 1 ( 0 % )                                 ;
+-----------------------+-----------------------------------------------+


+------------------------------------------------------------------------------------------------------+
; Fitter Settings                                                                                      ;
+------------------------------------------------------------+--------------------+--------------------+
; Option                                                     ; Setting            ; Default Value      ;
+------------------------------------------------------------+--------------------+--------------------+
; Device                                                     ; EP1K30TC144-1      ;                    ;
; Fitter Effort                                              ; Standard Fit       ; Auto Fit           ;
; Use smart compilation                                      ; Off                ; Off                ;
; Router Timing Optimization Level                           ; Normal             ; Normal             ;
; Placement Effort Multiplier                                ; 1.0                ; 1.0                ;
; Router Effort Multiplier                                   ; 1.0                ; 1.0                ;
; Optimize Timing                                            ; Normal compilation ; Normal compilation ;
; Optimize IOC Register Placement for Timing                 ; On                 ; On                 ;
; Limit to One Fitting Attempt                               ; Off                ; Off                ;
; Final Placement Optimizations                              ; Automatically      ; Automatically      ;
; Fitter Aggressive Routability Optimizations                ; Automatically      ; Automatically      ;
; Fitter Initial Placement Seed                              ; 1                  ; 1                  ;
; Slow Slew Rate                                             ; Off                ; Off                ;
; PCI I/O                                                    ; Off                ; Off                ;
; Auto Global Memory Control Signals                         ; Off                ; Off                ;
; Logic Cell Insertion - Individual Logic Cells              ; On                 ; On                 ;
; Logic Cell Insertion - I/Os Fed By Carry or Cascade Chains ; On                 ; On                 ;
; Auto Global Clock                                          ; On                 ; On                 ;
; Auto Global Output Enable                                  ; On                 ; On                 ;
; Auto Global Register Control Signals                       ; On                 ; On                 ;
+------------------------------------------------------------+--------------------+--------------------+


+-------------------------------------------------------------------------+
; Fitter Device Options                                                   ;
+----------------------------------------------+--------------------------+
; Option                                       ; Setting                  ;
+----------------------------------------------+--------------------------+
; Enable user-supplied start-up clock (CLKUSR) ; Off                      ;
; Enable device-wide reset (DEV_CLRn)          ; Off                      ;
; Enable device-wide output enable (DEV_OE)    ; Off                      ;
; Enable INIT_DONE output                      ; Off                      ;
; Configuration scheme                         ; Passive Serial           ;
; Reserve all unused pins                      ; As output driving ground ;
; Base pin-out file on sameframe device        ; Off                      ;
+----------------------------------------------+--------------------------+


+------------------------------------------------------------------------------------------------------------------------------------------------------------+
; Input Pins                                                                                                                                                 ;
+----------+-------+-----+------+---------+--------+--------------+-------------------------+---------------+-----------------+---------------+--------------+
; Name     ; Pin # ; Row ; Col. ; Fan-Out ; Global ; I/O Register ; Use Local Routing Input ; Power Up High ; PCI I/O Enabled ; Single-Pin CE ; I/O Standard ;
+----------+-------+-----+------+---------+--------+--------------+-------------------------+---------------+-----------------+---------------+--------------+
; inA[0]   ; 136   ; --  ; 30   ; 16      ; no     ; no           ; no                      ; no            ; no              ; no            ; LVTTL/LVCMOS ;
; inA[2]   ; 133   ; --  ; 28   ; 48      ; no     ; no           ; no                      ; no            ; no              ; no            ; LVTTL/LVCMOS ;
; inA[1]   ; 135   ; --  ; 29   ; 48      ; no     ; no           ; no                      ; no            ; no              ; no            ; LVTTL/LVCMOS ;
; inA[3]   ; 132   ; --  ; 26   ; 66      ; no     ; no           ; no                      ; no            ; no              ; no            ; LVTTL/LVCMOS ;
; a0       ; 138   ; --  ; 31   ; 16      ; no     ; no           ; no                      ; no            ; no              ; no            ; LVTTL/LVCMOS ;
; a1       ; 137   ; --  ; 30   ; 16      ; no     ; no           ; no                      ; no            ; no              ; no            ; LVTTL/LVCMOS ;
; m        ; 38    ; --  ; 34   ; 42      ; no     ; no           ; no                      ; no            ; no              ; no            ; LVTTL/LVCMOS ;
; clr      ; 118   ; --  ; 9    ; 29      ; no     ; no           ; no                      ; no            ; no              ; no            ; LVTTL/LVCMOS ;
; clk      ; 119   ; --  ; 13   ; 37      ; no     ; no           ; no                      ; no            ; no              ; no            ; LVTTL/LVCMOS ;
; inB[0]   ; 131   ; --  ; 23   ; 16      ; no     ; no           ; no                      ; no            ; no              ; no            ; LVTTL/LVCMOS ;
; inB[2]   ; 121   ; --  ; 17   ; 48      ; no     ; no           ; no                      ; no            ; no              ; no            ; LVTTL/LVCMOS ;
; inB[1]   ; 130   ; --  ; 22   ; 48      ; no     ; no           ; no                      ; no            ; no              ; no            ; LVTTL/LVCMOS ;
; inB[3]   ; 120   ; --  ; 14   ; 66      ; no     ; no           ; no                      ; no            ; no              ; no            ; LVTTL/LVCMOS ;
; true_clk ; 67    ; --  ; 8    ; 25      ; no     ; no           ; no                      ; no            ; no              ; no            ; LVTTL/LVCMOS ;
; ps1      ; 70    ; --  ; 5    ; 16      ; no     ; no           ; no                      ; no            ; no              ; no            ; LVTTL/LVCMOS ;
; ps0      ; 69    ; --  ; 6    ; 14      ; no     ; no           ; no                      ; no            ; no              ; no            ; LVTTL/LVCMOS ;
+----------+-------+-----+------+---------+--------+--------------+-------------------------+---------------+-----------------+---------------+--------------+


+-------------------------------------------------------------------------------------------------------------------------------------------------------------------------------------------------------+
; Output Pins                                                                                                                                                                                           ;
+---------+-------+-----+------+--------------+--------------------------+---------------+----------------+-----------------+---------------+---------------+------------+---------------+--------------+
; Name    ; Pin # ; Row ; Col. ; I/O Register ; Use Local Routing Output ; Power Up High ; Slow Slew Rate ; PCI I/O Enabled ; Single-Pin OE ; Single-Pin CE ; Open Drain ; TRI Primitive ; I/O Standard ;
+---------+-------+-----+------+--------------+--------------------------+---------------+----------------+-----------------+---------------+---------------+------------+---------------+--------------+
; out1[0] ; 8     ;  A  ; --   ; no           ; no                       ; no            ; no             ; no              ; no            ; no            ; no         ; no            ; LVTTL/LVCMOS ;
; out1[1] ; 9     ;  B  ; --   ; no           ; no                       ; no            ; no             ; no              ; no            ; no            ; no         ; no            ; LVTTL/LVCMOS ;
; out1[2] ; 13    ;  C  ; --   ; no           ; no                       ; no            ; no             ; no              ; no            ; no            ; no         ; no            ; LVTTL/LVCMOS ;
; out1[3] ; 17    ;  C  ; --   ; no           ; no                       ; no            ; no             ; no              ; no            ; no            ; no         ; no            ; LVTTL/LVCMOS ;
; out2[0] ; 96    ;  C  ; --   ; no           ; no                       ; no            ; no             ; no              ; no            ; no            ; no         ; no            ; LVTTL/LVCMOS ;
; out2[1] ; 95    ;  C  ; --   ; no           ; no                       ; no            ; no             ; no              ; no            ; no            ; no         ; no            ; LVTTL/LVCMOS ;
; out2[2] ; 92    ;  D  ; --   ; no           ; no                       ; no            ; no             ; no              ; no            ; no            ; no         ; no            ; LVTTL/LVCMOS ;
; out2[3] ; 91    ;  D  ; --   ; no           ; no                       ; no            ; no             ; no              ; no            ; no            ; no         ; no            ; LVTTL/LVCMOS ;
; out3[0] ; 90    ;  D  ; --   ; no           ; no                       ; no            ; no             ; no              ; no            ; no            ; no         ; no            ; LVTTL/LVCMOS ;
; out3[1] ; 19    ;  D  ; --   ; no           ; no                       ; no            ; no             ; no              ; no            ; no            ; no         ; no            ; LVTTL/LVCMOS ;
; out3[2] ; 88    ;  D  ; --   ; no           ; no                       ; no            ; no             ; no              ; no            ; no            ; no         ; no            ; LVTTL/LVCMOS ;
; out3[3] ; 87    ;  E  ; --   ; no           ; no                       ; no            ; no             ; no              ; no            ; no            ; no         ; no            ; LVTTL/LVCMOS ;
; out4[0] ; 86    ;  E  ; --   ; no           ; no                       ; no            ; no             ; no              ; no            ; no            ; no         ; no            ; LVTTL/LVCMOS ;
; out4[1] ; 83    ;  E  ; --   ; no           ; no                       ; no            ; no             ; no              ; no            ; no            ; no         ; no            ; LVTTL/LVCMOS ;
; out4[2] ; 26    ;  E  ; --   ; no           ; no                       ; no            ; no             ; no              ; no            ; no            ; no         ; no            ; LVTTL/LVCMOS ;
; out4[3] ; 81    ;  F  ; --   ; no           ; no                       ; no            ; no             ; no              ; no            ; no            ; no         ; no            ; LVTTL/LVCMOS ;
; out5[0] ; 80    ;  F  ; --   ; no           ; no                       ; no            ; no             ; no              ; no            ; no            ; no         ; no            ; LVTTL/LVCMOS ;
; out5[1] ; 79    ;  F  ; --   ; no           ; no                       ; no            ; no             ; no              ; no            ; no            ; no         ; no            ; LVTTL/LVCMOS ;
; out5[2] ; 78    ;  F  ; --   ; no           ; no                       ; no            ; no             ; no              ; no            ; no            ; no         ; no            ; LVTTL/LVCMOS ;
; out5[3] ; 73    ; --  ; 1    ; no           ; no                       ; no            ; no             ; no              ; no            ; no            ; no         ; no            ; LVTTL/LVCMOS ;
; out6[0] ; 62    ; --  ; 12   ; no           ; no                       ; no            ; no             ; no              ; no            ; no            ; no         ; no            ; LVTTL/LVCMOS ;
; out6[1] ; 63    ; --  ; 11   ; no           ; no                       ; no            ; no             ; no              ; no            ; no            ; no         ; no            ; LVTTL/LVCMOS ;
; out6[2] ; 64    ; --  ; 10   ; no           ; no                       ; no            ; no             ; no              ; no            ; no            ; no         ; no            ; LVTTL/LVCMOS ;
; out6[3] ; 65    ; --  ; 9    ; no           ; no                       ; no            ; no             ; no              ; no            ; no            ; no         ; no            ; LVTTL/LVCMOS ;
; res     ; 68    ; --  ; 7    ; no           ; no                       ; no            ; no             ; no              ; no            ; no            ; no         ; no            ; LVTTL/LVCMOS ;
; led     ; 37    ; --  ; 35   ; no           ; no                       ; no            ; no             ; no              ; no            ; no            ; no         ; no            ; LVTTL/LVCMOS ;
; eo[0]   ; 30    ;  F  ; --   ; no           ; no                       ; no            ; no             ; no              ; no            ; no            ; no         ; no            ; LVTTL/LVCMOS ;
; eo[1]   ; 29    ;  E  ; --   ; no           ; no                       ; no            ; no             ; no              ; no            ; no            ; no         ; no            ; LVTTL/LVCMOS ;
+---------+-------+-----+------+--------------+--------------------------+---------------+----------------+-----------------+---------------+---------------+------------+---------------+--------------+


+-----------------------------------+
; All Package Pins                  ;
+-------+------------+--------------+
; Pin # ; Usage      ; I/O Standard ;
+-------+------------+--------------+
; 1     ; #TCK       ;              ;
; 2     ; ^CONF_DONE ;              ;
; 3     ; ^nCEO      ;              ;
; 4     ; #TDO       ;              ;
; 5     ; VCC_IO     ;              ;
; 6     ; GND_INT    ;              ;
; 7     ; GND*       ;              ;
; 8     ; out1[0]    ; LVTTL/LVCMOS ;
; 9     ; out1[1]    ; LVTTL/LVCMOS ;
; 10    ; GND*       ;              ;
; 11    ; GND*       ;              ;
; 12    ; GND*       ;              ;
; 13    ; out1[2]    ; LVTTL/LVCMOS ;
; 14    ; GND*       ;              ;
; 15    ; GND_INT    ;              ;
; 16    ; VCC_INT    ;              ;
; 17    ; out1[3]    ; LVTTL/LVCMOS ;
; 18    ; GND*       ;              ;
; 19    ; out3[1]    ; LVTTL/LVCMOS ;
; 20    ; GND*       ;              ;
; 21    ; GND*       ;              ;
; 22    ; GND*       ;              ;
; 23    ; GND*       ;              ;
; 24    ; VCC_IO     ;              ;
; 25    ; GND_INT    ;              ;
; 26    ; out4[2]    ; LVTTL/LVCMOS ;
; 27    ; GND*       ;              ;
; 28    ; GND*       ;              ;
; 29    ; eo[1]      ; LVTTL/LVCMOS ;
; 30    ; eo[0]      ; LVTTL/LVCMOS ;
; 31    ; GND*       ;              ;
; 32    ; GND*       ;              ;
; 33    ; GND*       ;              ;
; 34    ; #TMS       ;              ;
; 35    ; ^nSTATUS   ;              ;
; 36    ; GND*       ;              ;
; 37    ; led        ; LVTTL/LVCMOS ;
; 38    ; m          ; LVTTL/LVCMOS ;
; 39    ; GND*       ;              ;
; 40    ; GND_INT    ;              ;
; 41    ; GND*       ;              ;
; 42    ; GND*       ;              ;
; 43    ; GND*       ;              ;
; 44    ; GND*       ;              ;
; 45    ; VCC_IO     ;              ;
; 46    ; GND*       ;              ;
; 47    ; GND*       ;              ;
; 48    ; GND*       ;              ;
; 49    ; GND*       ;              ;
; 50    ; VCC_INT    ;              ;
; 51    ; GND*       ;              ;
; 52    ; GND_INT    ;              ;
; 53    ; VCC_CKLK   ;              ;
; 54    ; GND+       ;              ;
; 55    ; GND+       ;              ;
; 56    ; GND+       ;              ;
; 57    ; GND_CKLK   ;              ;
; 58    ; GND_INT    ;              ;
; 59    ; GND*       ;              ;
; 60    ; GND*       ;              ;
; 61    ; VCC_IO     ;              ;
; 62    ; out6[0]    ; LVTTL/LVCMOS ;
; 63    ; out6[1]    ; LVTTL/LVCMOS ;
; 64    ; out6[2]    ; LVTTL/LVCMOS ;
; 65    ; out6[3]    ; LVTTL/LVCMOS ;
; 66    ; GND_INT    ;              ;
; 67    ; true_clk   ; LVTTL/LVCMOS ;
; 68    ; res        ; LVTTL/LVCMOS ;
; 69    ; ps0        ; LVTTL/LVCMOS ;
; 70    ; ps1        ; LVTTL/LVCMOS ;
; 71    ; VCC_IO     ;              ;
; 72    ; GND*       ;              ;
; 73    ; out5[3]    ; LVTTL/LVCMOS ;
; 74    ; ^nCONFIG   ;              ;
; 75    ; VCC_INT    ;              ;
; 76    ; ^MSEL1     ;              ;
; 77    ; ^MSEL0     ;              ;
; 78    ; out5[2]    ; LVTTL/LVCMOS ;
; 79    ; out5[1]    ; LVTTL/LVCMOS ;
; 80    ; out5[0]    ; LVTTL/LVCMOS ;
; 81    ; out4[3]    ; LVTTL/LVCMOS ;
; 82    ; GND*       ;              ;
; 83    ; out4[1]    ; LVTTL/LVCMOS ;
; 84    ; GND_INT    ;              ;
; 85    ; VCC_INT    ;              ;
; 86    ; out4[0]    ; LVTTL/LVCMOS ;
; 87    ; out3[3]    ; LVTTL/LVCMOS ;
; 88    ; out3[2]    ; LVTTL/LVCMOS ;
; 89    ; GND*       ;              ;
; 90    ; out3[0]    ; LVTTL/LVCMOS ;
; 91    ; out2[3]    ; LVTTL/LVCMOS ;
; 92    ; out2[2]    ; LVTTL/LVCMOS ;
; 93    ; GND_INT    ;              ;
; 94    ; VCC_IO     ;              ;
; 95    ; out2[1]    ; LVTTL/LVCMOS ;
; 96    ; out2[0]    ; LVTTL/LVCMOS ;
; 97    ; GND*       ;              ;
; 98    ; GND*       ;              ;
; 99    ; GND*       ;              ;
; 100   ; GND*       ;              ;
; 101   ; GND*       ;              ;
; 102   ; GND*       ;              ;
; 103   ; VCC_INT    ;              ;
; 104   ; GND_INT    ;              ;
; 105   ; #TDI       ;              ;
; 106   ; ^nCE       ;              ;
; 107   ; ^DCLK      ;              ;
; 108   ; ^DATA0     ;              ;
; 109   ; GND*       ;              ;
; 110   ; GND*       ;              ;
; 111   ; GND*       ;              ;
; 112   ; GND*       ;              ;
; 113   ; GND*       ;              ;
; 114   ; GND*       ;              ;
; 115   ; VCC_IO     ;              ;
; 116   ; GND*       ;              ;
; 117   ; GND*       ;              ;
; 118   ; clr        ; LVTTL/LVCMOS ;
; 119   ; clk        ; LVTTL/LVCMOS ;
; 120   ; inB[3]     ; LVTTL/LVCMOS ;
; 121   ; inB[2]     ; LVTTL/LVCMOS ;
; 122   ; GND*       ;              ;
; 123   ; GND_INT    ;              ;
; 124   ; GND+       ;              ;
; 125   ; GND+       ;              ;
; 126   ; GND+       ;              ;
; 127   ; VCC_INT    ;              ;
; 128   ; GND*       ;              ;
; 129   ; GND_INT    ;              ;
; 130   ; inB[1]     ; LVTTL/LVCMOS ;
; 131   ; inB[0]     ; LVTTL/LVCMOS ;
; 132   ; inA[3]     ; LVTTL/LVCMOS ;
; 133   ; inA[2]     ; LVTTL/LVCMOS ;
; 134   ; VCC_IO     ;              ;
; 135   ; inA[1]     ; LVTTL/LVCMOS ;
; 136   ; inA[0]     ; LVTTL/LVCMOS ;
; 137   ; a1         ; LVTTL/LVCMOS ;
; 138   ; a0         ; LVTTL/LVCMOS ;
; 139   ; GND_INT    ;              ;
; 140   ; GND*       ;              ;
; 141   ; GND*       ;              ;
; 142   ; GND*       ;              ;
; 143   ; GND*       ;              ;
; 144   ; GND*       ;              ;
+-------+------------+--------------+


+-----------------------------------------------------------------------------------------+
; Control Signals                                                                         ;
+---------------------------------------+---------+---------+--------------+--------------+
; Name                                  ; Pin #   ; Fan-Out ; Usage        ; Global Usage ;
+---------------------------------------+---------+---------+--------------+--------------+
; out3_reg[3]~866                       ; LC2_D10 ; 8       ; Clock enable ; Non-global   ;
; out3_reg[3]~867                       ; LC5_D12 ; 8       ; Clock enable ; Non-global   ;
; yima2to4:yima_mode|Decoder0~13        ; LC4_B29 ; 7       ; Clock enable ; Non-global   ;
; passwd_register:cin_password|comb~0   ; LC4_B31 ; 8       ; Clock        ; Non-global   ;
; passwd_register:cin_password|comb~34  ; LC7_B31 ; 8       ; Clock        ; Non-global   ;
; passwd_register:cin_password|comb~35  ; LC2_B31 ; 8       ; Clock        ; Non-global   ;
; comb~35                               ; LC1_B33 ; 24      ; Async. clear ; Internal     ;
; comb~118                              ; LC5_B33 ; 24      ; Async. clear ; Non-global   ;
; comb~119                              ; LC4_B33 ; 24      ; Async. clear ; Non-global   ;
; comb~120                              ; LC8_B33 ; 24      ; Async. clear ; Non-global   ;
; comb~121                              ; LC7_B33 ; 24      ; Async. clear ; Non-global   ;
; passwd_register:set_password1|comb~42 ; LC3_B35 ; 8       ; Clock        ; Non-global   ;
; passwd_register:set_password4|comb~38 ; LC6_B35 ; 8       ; Clock        ; Non-global   ;
; passwd_register:set_password2|comb~35 ; LC5_B35 ; 8       ; Clock        ; Non-global   ;
; passwd_register:set_password3|comb~35 ; LC2_B35 ; 8       ; Clock        ; Non-global   ;
; clk                                   ; 119     ; 37      ; Clock        ; Non-global   ;
; true_clk                              ; 67      ; 25      ; Clock        ; Non-global   ;
; timer:tm|tick                         ; LC6_A36 ; 8       ; Clock        ; Non-global   ;
; passwd_register:set_password4|comb~39 ; LC3_B36 ; 8       ; Clock        ; Non-global   ;
; passwd_register:set_password3|comb~34 ; LC5_B32 ; 8       ; Clock        ; Non-global   ;
; passwd_register:set_password1|comb~40 ; LC1_B29 ; 8       ; Clock        ; Non-global   ;
; passwd_register:set_password1|comb~44 ; LC2_B29 ; 8       ; Clock        ; Non-global   ;
; passwd_register:set_password4|comb~36 ; LC6_B29 ; 8       ; Clock        ; Non-global   ;
; passwd_register:set_password2|comb~34 ; LC7_B29 ; 8       ; Clock        ; Non-global   ;
; passwd_register:set_password2|comb~36 ; LC5_B29 ; 8       ; Clock        ; Non-global   ;
; passwd_register:set_password3|comb~36 ; LC8_B29 ; 8       ; Clock        ; Non-global   ;
+---------------------------------------+---------+---------+--------------+--------------+


+--------------------------------------+
; Global & Other Fast Signals          ;
+---------+---------+---------+--------+
; Name    ; Pin #   ; Fan-Out ; Global ;
+---------+---------+---------+--------+
; comb~35 ; LC1_B33 ; 24      ; yes    ;
+---------+---------+---------+--------+


+---------------------------------------------+
; Carry Chains                                ;
+--------------------+------------------------+
; Carry Chain Length ; Number of Carry Chains ;
+--------------------+------------------------+
; 0 - 1              ; 0                      ;
; 2 - 3              ; 0                      ;
; 4 - 5              ; 0                      ;
; 6 - 7              ; 0                      ;
; 8 - 9              ; 0                      ;
; 10 - 11            ; 0                      ;
; 12 - 13            ; 0                      ;
; 14 - 15            ; 0                      ;
; 16 - 17            ; 0                      ;
; 18 - 19            ; 0                      ;
; 20 - 21            ; 0                      ;
; 22 - 23            ; 0                      ;
; 24 - 25            ; 1                      ;
+--------------------+------------------------+


+----------------+
; Cascade Chains ;
+--------+-------+
; Length ; Count ;
+--------+-------+
; 2      ; 25    ;
+--------+-------+


+-----------------------------------------------------------+
; Non-Global High Fan-Out Signals                           ;
+-------------------------------------------------+---------+
; Name                                            ; Fan-Out ;
+-------------------------------------------------+---------+
; inA[3]                                          ; 66      ;
; inB[3]                                          ; 66      ;
; inA[2]                                          ; 48      ;
; inA[1]                                          ; 48      ;
; inB[1]                                          ; 48      ;
; inB[2]                                          ; 48      ;
; m                                               ; 42      ;
; clk                                             ; 37      ;
; clr                                             ; 29      ;
; true_clk                                        ; 25      ;
; comb~123                                        ; 24      ;
; comb~124                                        ; 24      ;
; comb~125                                        ; 24      ;
; comb~126                                        ; 24      ;
; a1                                              ; 16      ;
; ps1                                             ; 16      ;
; a0                                              ; 16      ;
; inA[0]                                          ; 16      ;
; inB[0]                                          ; 16      ;
; ps0                                             ; 14      ;
; passwd_register:set_password1|comb~48           ; 8       ;
; passwd_register:set_password2|comb~38           ; 8       ;
; passwd_register:set_password3|comb~38           ; 8       ;
; passwd_register:set_password4|comb~42           ; 8       ;
; passwd_register:cin_password|comb~38            ; 8       ;
; passwd_register:set_password4|comb~40           ; 8       ;
; passwd_register:set_password2|comb~39           ; 8       ;
; passwd_register:set_password3|comb~39           ; 8       ;
; passwd_register:set_password2|comb~37           ; 8       ;
; passwd_register:set_password4|comb~43           ; 8       ;
; passwd_register:set_password1|comb~46           ; 8       ;
; passwd_register:set_password1|comb~50           ; 8       ;
; passwd_register:set_password3|comb~37           ; 8       ;
; out3_reg[3]~874                                 ; 8       ;
; passwd_register:cin_password|comb~36            ; 8       ;
; passwd_register:cin_password|comb~37            ; 8       ;
; out3_reg[3]~873                                 ; 8       ;
; timer:tm|tick~0                                 ; 8       ;
; yima2to4:yima_mode|Decoder0~14                  ; 7       ;
; led_flasher:led_fls|state.FLASH~14              ; 6       ;
; led_flasher:led_fls|flash_count[0]~23           ; 5       ;
; led_flasher:led_fls|state.IDLE~7                ; 5       ;
; passwd_register:cin_password|register:r3|q[3]~2 ; 4       ;
; passwd_register:cin_password|register:r5|q[3]~2 ; 4       ;
; led_flasher:led_fls|flash_count[1]~21           ; 4       ;
; error_counter:error_cnt|error_count[1]~83       ; 4       ;
; passwd_register:cin_password|register:r3|q[2]~0 ; 4       ;
; passwd_register:set_password1|comb~45           ; 4       ;
; start_flashing~1                                ; 4       ;
; out1_reg~462                                    ; 4       ;
+-------------------------------------------------+---------+


+-----------------------------------------------------------------------------------------------------+
; Peripheral Signals                                                                                  ;
+-------------------+---------+--------------+-----------------+---------------------------+----------+
; Peripheral Signal ; Source  ; Usage        ; Dedicated Clock ; Peripheral Control Signal ; Polarity ;
+-------------------+---------+--------------+-----------------+---------------------------+----------+
; comb~35           ; LC1_B33 ; Async. clear ; no              ; yes                       ; -ve      ;
+-------------------+---------+--------------+-----------------+---------------------------+----------+


+-------------------------------------------+
; LAB                                       ;
+--------------------------+----------------+
; Number of Logic Elements ; Number of LABs ;
+--------------------------+----------------+
; 0                        ; 169            ;
; 1                        ; 8              ;
; 2                        ; 0              ;
; 3                        ; 0              ;
; 4                        ; 1              ;
; 5                        ; 1              ;
; 6                        ; 5              ;
; 7                        ; 12             ;
; 8                        ; 20             ;
+--------------------------+----------------+


+----------------------------------------------+
; Local Routing Interconnect                   ;
+-----------------------------+----------------+
; Local Routing Interconnects ; Number of LABs ;
+-----------------------------+----------------+
; 0                           ; 188            ;
; 1                           ; 1              ;
; 2                           ; 5              ;
; 3                           ; 10             ;
; 4                           ; 5              ;
; 5                           ; 6              ;
; 6                           ; 1              ;
+-----------------------------+----------------+


+---------------------------------------------+
; LAB External Interconnect                   ;
+----------------------------+----------------+
; LAB External Interconnects ; Number of LABs ;
+----------------------------+----------------+
; 0 - 1                      ; 172            ;
; 2 - 3                      ; 4              ;
; 4 - 5                      ; 8              ;
; 6 - 7                      ; 6              ;
; 8 - 9                      ; 3              ;
; 10 - 11                    ; 6              ;
; 12 - 13                    ; 2              ;
; 14 - 15                    ; 5              ;
; 16 - 17                    ; 4              ;
; 18 - 19                    ; 2              ;
; 20 - 21                    ; 1              ;
; 22 - 23                    ; 3              ;
+----------------------------+----------------+


+------------------------------------------------------------------------------------------+
; Row Interconnect                                                                         ;
+-------+---------------------+-----------------------------+------------------------------+
; Row   ; Interconnect Used   ; Left Half Interconnect Used ; Right Half Interconnect Used ;
+-------+---------------------+-----------------------------+------------------------------+
;  A    ;  27 / 144 ( 19 % )  ;  0 / 72 ( 0 % )             ;  0 / 72 ( 0 % )              ;
;  B    ;  115 / 144 ( 80 % ) ;  25 / 72 ( 35 % )           ;  12 / 72 ( 17 % )            ;
;  C    ;  9 / 144 ( 6 % )    ;  2 / 72 ( 3 % )             ;  5 / 72 ( 7 % )              ;
;  D    ;  8 / 144 ( 6 % )    ;  15 / 72 ( 21 % )           ;  0 / 72 ( 0 % )              ;
;  E    ;  2 / 144 ( 1 % )    ;  3 / 72 ( 4 % )             ;  0 / 72 ( 0 % )              ;
;  F    ;  1 / 144 ( < 1 % )  ;  4 / 72 ( 6 % )             ;  0 / 72 ( 0 % )              ;
; Total ;  162 / 864 ( 19 % ) ;  49 / 432 ( 11 % )          ;  17 / 432 ( 4 % )            ;
+-------+---------------------+-----------------------------+------------------------------+


+---------------------------+
; LAB Column Interconnect   ;
+-------+-------------------+
; Col.  ; Interconnect Used ;
+-------+-------------------+
; 1     ;  5 / 24 ( 21 % )  ;
; 2     ;  0 / 24 ( 0 % )   ;
; 3     ;  0 / 24 ( 0 % )   ;
; 4     ;  0 / 24 ( 0 % )   ;
; 5     ;  1 / 24 ( 4 % )   ;
; 6     ;  1 / 24 ( 4 % )   ;
; 7     ;  3 / 24 ( 13 % )  ;
; 8     ;  1 / 24 ( 4 % )   ;
; 9     ;  3 / 24 ( 13 % )  ;
; 10    ;  3 / 24 ( 13 % )  ;
; 11    ;  3 / 24 ( 13 % )  ;
; 12    ;  5 / 24 ( 21 % )  ;
; 13    ;  2 / 24 ( 8 % )   ;
; 14    ;  1 / 24 ( 4 % )   ;
; 15    ;  0 / 24 ( 0 % )   ;
; 16    ;  2 / 24 ( 8 % )   ;
; 17    ;  1 / 24 ( 4 % )   ;
; 18    ;  0 / 24 ( 0 % )   ;
; 19    ;  0 / 24 ( 0 % )   ;
; 20    ;  0 / 24 ( 0 % )   ;
; 21    ;  0 / 24 ( 0 % )   ;
; 22    ;  1 / 24 ( 4 % )   ;
; 23    ;  1 / 24 ( 4 % )   ;
; 24    ;  1 / 24 ( 4 % )   ;
; 25    ;  0 / 24 ( 0 % )   ;
; 26    ;  1 / 24 ( 4 % )   ;
; 27    ;  0 / 24 ( 0 % )   ;
; 28    ;  2 / 24 ( 8 % )   ;
; 29    ;  1 / 24 ( 4 % )   ;
; 30    ;  2 / 24 ( 8 % )   ;
; 31    ;  2 / 24 ( 8 % )   ;
; 32    ;  1 / 24 ( 4 % )   ;
; 33    ;  0 / 24 ( 0 % )   ;
; 34    ;  1 / 24 ( 4 % )   ;
; 35    ;  1 / 24 ( 4 % )   ;
; 36    ;  1 / 24 ( 4 % )   ;
; Total ;  46 / 864 ( 5 % ) ;
+-------+-------------------+


+---------------------------+
; LAB Column Interconnect   ;
+-------+-------------------+
; Col.  ; Interconnect Used ;
+-------+-------------------+
; 1     ;  0 / 48 ( 0 % )   ;
; Total ;  0 / 48 ( 0 % )   ;
+-------+-------------------+


+----------------------------------------------------------+
; Fitter Resource Usage Summary                            ;
+-----------------------------------+----------------------+
; Resource                          ; Usage                ;
+-----------------------------------+----------------------+
; Registers                         ; 181 / 1,728 ( 10 % ) ;
; Total LABs                        ; 0 / 216 ( 0 % )      ;
; Logic elements in carry chains    ; 24                   ;
; User inserted logic elements      ; 0                    ;
; I/O pins                          ; 44 / 102 ( 43 % )    ;
;     -- Clock pins                 ; 0 / 0 ( -- )         ;
;     -- Dedicated input pins       ; 1 / 4 ( 25 % )       ;
; Global signals                    ; 1                    ;
; EABs                              ; 0 / 6 ( 0 % )        ;
; Total memory bits                 ; 0 / 24,576 ( 0 % )   ;
; Total RAM block bits              ; 0 / 24,576 ( 0 % )   ;
; PLLs                              ; 0 / 1 ( 0 % )        ;
; Maximum fan-out node              ; inA[3]               ;
; Maximum fan-out                   ; 66                   ;
; Highest non-global fan-out signal ; inA[3]               ;
; Highest non-global fan-out        ; 66                   ;
; Total fan-out                     ; 1254                 ;
; Average fan-out                   ; 3.74                 ;
+-----------------------------------+----------------------+


+-----------------------------------------------------------------------------------------------------------------------------------------------------------------------------------------------------------------------------------------------------------------------------------------+
; Fitter Resource Utilization by Entity                                                                                                                                                                                                                                                   ;
+-------------------------------------------+-------------+--------------+-------------+------+--------------+-------------------+------------------+-----------------+------------+------------------------------------------------------------------------------------------------------+
; Compilation Hierarchy Node                ; Logic Cells ; LC Registers ; Memory Bits ; Pins ; LUT-Only LCs ; Register-Only LCs ; LUT/Register LCs ; Carry Chain LCs ; Packed LCs ; Full Hierarchy Name                                                                                  ;
+-------------------------------------------+-------------+--------------+-------------+------+--------------+-------------------+------------------+-----------------+------------+------------------------------------------------------------------------------------------------------+
; |SixDigit_Electronic_Lock_Controller      ; 291 (101)   ; 181          ; 0           ; 44   ; 110 (75)     ; 0 (0)             ; 181 (26)         ; 24 (0)          ; 0 (0)      ; |SixDigit_Electronic_Lock_Controller                                                                 ;
;    |error_counter:error_cnt|              ; 2 (2)       ; 2            ; 0           ; 0    ; 0 (0)        ; 0 (0)             ; 2 (2)            ; 0 (0)           ; 0 (0)      ; |SixDigit_Electronic_Lock_Controller|error_counter:error_cnt                                         ;
;    |judge:jg1|                            ; 1 (1)       ; 0            ; 0           ; 0    ; 1 (1)        ; 0 (0)             ; 0 (0)            ; 0 (0)           ; 0 (0)      ; |SixDigit_Electronic_Lock_Controller|judge:jg1                                                       ;
;    |judge:jg4|                            ; 1 (1)       ; 0            ; 0           ; 0    ; 1 (1)        ; 0 (0)             ; 0 (0)            ; 0 (0)           ; 0 (0)      ; |SixDigit_Electronic_Lock_Controller|judge:jg4                                                       ;
;    |led_flasher:led_fls|                  ; 13 (13)     ; 8            ; 0           ; 0    ; 5 (5)        ; 0 (0)             ; 8 (8)            ; 0 (0)           ; 0 (0)      ; |SixDigit_Electronic_Lock_Controller|led_flasher:led_fls                                             ;
;    |passwd_register:cin_password|         ; 29 (5)      ; 24           ; 0           ; 0    ; 5 (5)        ; 0 (0)             ; 24 (0)           ; 0 (0)           ; 0 (0)      ; |SixDigit_Electronic_Lock_Controller|passwd_register:cin_password                                    ;
;       |register:r1|                       ; 4 (4)       ; 4            ; 0           ; 0    ; 0 (0)        ; 0 (0)             ; 4 (4)            ; 0 (0)           ; 0 (0)      ; |SixDigit_Electronic_Lock_Controller|passwd_register:cin_password|register:r1                        ;
;       |register:r2|                       ; 4 (4)       ; 4            ; 0           ; 0    ; 0 (0)        ; 0 (0)             ; 4 (4)            ; 0 (0)           ; 0 (0)      ; |SixDigit_Electronic_Lock_Controller|passwd_register:cin_password|register:r2                        ;
;       |register:r3|                       ; 4 (4)       ; 4            ; 0           ; 0    ; 0 (0)        ; 0 (0)             ; 4 (4)            ; 0 (0)           ; 0 (0)      ; |SixDigit_Electronic_Lock_Controller|passwd_register:cin_password|register:r3                        ;
;       |register:r4|                       ; 4 (4)       ; 4            ; 0           ; 0    ; 0 (0)        ; 0 (0)             ; 4 (4)            ; 0 (0)           ; 0 (0)      ; |SixDigit_Electronic_Lock_Controller|passwd_register:cin_password|register:r4                        ;
;       |register:r5|                       ; 4 (4)       ; 4            ; 0           ; 0    ; 0 (0)        ; 0 (0)             ; 4 (4)            ; 0 (0)           ; 0 (0)      ; |SixDigit_Electronic_Lock_Controller|passwd_register:cin_password|register:r5                        ;
;       |register:r6|                       ; 4 (4)       ; 4            ; 0           ; 0    ; 0 (0)        ; 0 (0)             ; 4 (4)            ; 0 (0)           ; 0 (0)      ; |SixDigit_Electronic_Lock_Controller|passwd_register:cin_password|register:r6                        ;
;    |passwd_register:set_password1|        ; 30 (6)      ; 24           ; 0           ; 0    ; 6 (6)        ; 0 (0)             ; 24 (0)           ; 0 (0)           ; 0 (0)      ; |SixDigit_Electronic_Lock_Controller|passwd_register:set_password1                                   ;
;       |register:r1|                       ; 4 (4)       ; 4            ; 0           ; 0    ; 0 (0)        ; 0 (0)             ; 4 (4)            ; 0 (0)           ; 0 (0)      ; |SixDigit_Electronic_Lock_Controller|passwd_register:set_password1|register:r1                       ;
;       |register:r2|                       ; 4 (4)       ; 4            ; 0           ; 0    ; 0 (0)        ; 0 (0)             ; 4 (4)            ; 0 (0)           ; 0 (0)      ; |SixDigit_Electronic_Lock_Controller|passwd_register:set_password1|register:r2                       ;
;       |register:r3|                       ; 4 (4)       ; 4            ; 0           ; 0    ; 0 (0)        ; 0 (0)             ; 4 (4)            ; 0 (0)           ; 0 (0)      ; |SixDigit_Electronic_Lock_Controller|passwd_register:set_password1|register:r3                       ;
;       |register:r4|                       ; 4 (4)       ; 4            ; 0           ; 0    ; 0 (0)        ; 0 (0)             ; 4 (4)            ; 0 (0)           ; 0 (0)      ; |SixDigit_Electronic_Lock_Controller|passwd_register:set_password1|register:r4                       ;
;       |register:r5|                       ; 4 (4)       ; 4            ; 0           ; 0    ; 0 (0)        ; 0 (0)             ; 4 (4)            ; 0 (0)           ; 0 (0)      ; |SixDigit_Electronic_Lock_Controller|passwd_register:set_password1|register:r5                       ;
;       |register:r6|                       ; 4 (4)       ; 4            ; 0           ; 0    ; 0 (0)        ; 0 (0)             ; 4 (4)            ; 0 (0)           ; 0 (0)      ; |SixDigit_Electronic_Lock_Controller|passwd_register:set_password1|register:r6                       ;
;    |passwd_register:set_password2|        ; 27 (3)      ; 24           ; 0           ; 0    ; 3 (3)        ; 0 (0)             ; 24 (0)           ; 0 (0)           ; 0 (0)      ; |SixDigit_Electronic_Lock_Controller|passwd_register:set_password2                                   ;
;       |register:r1|                       ; 4 (4)       ; 4            ; 0           ; 0    ; 0 (0)        ; 0 (0)             ; 4 (4)            ; 0 (0)           ; 0 (0)      ; |SixDigit_Electronic_Lock_Controller|passwd_register:set_password2|register:r1                       ;
;       |register:r2|                       ; 4 (4)       ; 4            ; 0           ; 0    ; 0 (0)        ; 0 (0)             ; 4 (4)            ; 0 (0)           ; 0 (0)      ; |SixDigit_Electronic_Lock_Controller|passwd_register:set_password2|register:r2                       ;
;       |register:r3|                       ; 4 (4)       ; 4            ; 0           ; 0    ; 0 (0)        ; 0 (0)             ; 4 (4)            ; 0 (0)           ; 0 (0)      ; |SixDigit_Electronic_Lock_Controller|passwd_register:set_password2|register:r3                       ;
;       |register:r4|                       ; 4 (4)       ; 4            ; 0           ; 0    ; 0 (0)        ; 0 (0)             ; 4 (4)            ; 0 (0)           ; 0 (0)      ; |SixDigit_Electronic_Lock_Controller|passwd_register:set_password2|register:r4                       ;
;       |register:r5|                       ; 4 (4)       ; 4            ; 0           ; 0    ; 0 (0)        ; 0 (0)             ; 4 (4)            ; 0 (0)           ; 0 (0)      ; |SixDigit_Electronic_Lock_Controller|passwd_register:set_password2|register:r5                       ;
;       |register:r6|                       ; 4 (4)       ; 4            ; 0           ; 0    ; 0 (0)        ; 0 (0)             ; 4 (4)            ; 0 (0)           ; 0 (0)      ; |SixDigit_Electronic_Lock_Controller|passwd_register:set_password2|register:r6                       ;
;    |passwd_register:set_password3|        ; 27 (3)      ; 24           ; 0           ; 0    ; 3 (3)        ; 0 (0)             ; 24 (0)           ; 0 (0)           ; 0 (0)      ; |SixDigit_Electronic_Lock_Controller|passwd_register:set_password3                                   ;
;       |register:r1|                       ; 4 (4)       ; 4            ; 0           ; 0    ; 0 (0)        ; 0 (0)             ; 4 (4)            ; 0 (0)           ; 0 (0)      ; |SixDigit_Electronic_Lock_Controller|passwd_register:set_password3|register:r1                       ;
;       |register:r2|                       ; 4 (4)       ; 4            ; 0           ; 0    ; 0 (0)        ; 0 (0)             ; 4 (4)            ; 0 (0)           ; 0 (0)      ; |SixDigit_Electronic_Lock_Controller|passwd_register:set_password3|register:r2                       ;
;       |register:r3|                       ; 4 (4)       ; 4            ; 0           ; 0    ; 0 (0)        ; 0 (0)             ; 4 (4)            ; 0 (0)           ; 0 (0)      ; |SixDigit_Electronic_Lock_Controller|passwd_register:set_password3|register:r3                       ;
;       |register:r4|                       ; 4 (4)       ; 4            ; 0           ; 0    ; 0 (0)        ; 0 (0)             ; 4 (4)            ; 0 (0)           ; 0 (0)      ; |SixDigit_Electronic_Lock_Controller|passwd_register:set_password3|register:r4                       ;
;       |register:r5|                       ; 4 (4)       ; 4            ; 0           ; 0    ; 0 (0)        ; 0 (0)             ; 4 (4)            ; 0 (0)           ; 0 (0)      ; |SixDigit_Electronic_Lock_Controller|passwd_register:set_password3|register:r5                       ;
;       |register:r6|                       ; 4 (4)       ; 4            ; 0           ; 0    ; 0 (0)        ; 0 (0)             ; 4 (4)            ; 0 (0)           ; 0 (0)      ; |SixDigit_Electronic_Lock_Controller|passwd_register:set_password3|register:r6                       ;
;    |passwd_register:set_password4|        ; 28 (4)      ; 24           ; 0           ; 0    ; 4 (4)        ; 0 (0)             ; 24 (0)           ; 0 (0)           ; 0 (0)      ; |SixDigit_Electronic_Lock_Controller|passwd_register:set_password4                                   ;
;       |register:r1|                       ; 4 (4)       ; 4            ; 0           ; 0    ; 0 (0)        ; 0 (0)             ; 4 (4)            ; 0 (0)           ; 0 (0)      ; |SixDigit_Electronic_Lock_Controller|passwd_register:set_password4|register:r1                       ;
;       |register:r2|                       ; 4 (4)       ; 4            ; 0           ; 0    ; 0 (0)        ; 0 (0)             ; 4 (4)            ; 0 (0)           ; 0 (0)      ; |SixDigit_Electronic_Lock_Controller|passwd_register:set_password4|register:r2                       ;
;       |register:r3|                       ; 4 (4)       ; 4            ; 0           ; 0    ; 0 (0)        ; 0 (0)             ; 4 (4)            ; 0 (0)           ; 0 (0)      ; |SixDigit_Electronic_Lock_Controller|passwd_register:set_password4|register:r3                       ;
;       |register:r4|                       ; 4 (4)       ; 4            ; 0           ; 0    ; 0 (0)        ; 0 (0)             ; 4 (4)            ; 0 (0)           ; 0 (0)      ; |SixDigit_Electronic_Lock_Controller|passwd_register:set_password4|register:r4                       ;
;       |register:r5|                       ; 4 (4)       ; 4            ; 0           ; 0    ; 0 (0)        ; 0 (0)             ; 4 (4)            ; 0 (0)           ; 0 (0)      ; |SixDigit_Electronic_Lock_Controller|passwd_register:set_password4|register:r5                       ;
;       |register:r6|                       ; 4 (4)       ; 4            ; 0           ; 0    ; 0 (0)        ; 0 (0)             ; 4 (4)            ; 0 (0)           ; 0 (0)      ; |SixDigit_Electronic_Lock_Controller|passwd_register:set_password4|register:r6                       ;
;    |timer:tm|                             ; 31 (7)      ; 25           ; 0           ; 0    ; 6 (6)        ; 0 (0)             ; 25 (1)           ; 24 (0)          ; 0 (0)      ; |SixDigit_Electronic_Lock_Controller|timer:tm                                                        ;
;       |lpm_counter:count_rtl_0|           ; 24 (0)      ; 24           ; 0           ; 0    ; 0 (0)        ; 0 (0)             ; 24 (0)           ; 24 (0)          ; 0 (0)      ; |SixDigit_Electronic_Lock_Controller|timer:tm|lpm_counter:count_rtl_0                                ;
;          |alt_counter_f10ke:wysi_counter| ; 24 (24)     ; 24           ; 0           ; 0    ; 0 (0)        ; 0 (0)             ; 24 (24)          ; 24 (24)         ; 0 (0)      ; |SixDigit_Electronic_Lock_Controller|timer:tm|lpm_counter:count_rtl_0|alt_counter_f10ke:wysi_counter ;
;    |yima2to4:yima_mode|                   ; 1 (1)       ; 0            ; 0           ; 0    ; 1 (1)        ; 0 (0)             ; 0 (0)            ; 0 (0)           ; 0 (0)      ; |SixDigit_Electronic_Lock_Controller|yima2to4:yima_mode                                              ;
+-------------------------------------------+-------------+--------------+-------------+------+--------------+-------------------+------------------+-----------------+------------+------------------------------------------------------------------------------------------------------+
Note: For table entries with two numbers listed, the numbers in parentheses indicate the number of resources of the given type used by the specific entity alone. The numbers listed outside of parentheses indicate the total resources of the given type used by the specific entity and all of its sub-entities in the hierarchy.


+-----------------------------------+
; Delay Chain Summary               ;
+----------+----------+-------------+
; Name     ; Pin Type ; Pad to Core ;
+----------+----------+-------------+
; inA[0]   ; Input    ; ON          ;
; inA[2]   ; Input    ; ON          ;
; inA[1]   ; Input    ; ON          ;
; inA[3]   ; Input    ; ON          ;
; a0       ; Input    ; ON          ;
; a1       ; Input    ; ON          ;
; m        ; Input    ; ON          ;
; clr      ; Input    ; ON          ;
; clk      ; Input    ; ON          ;
; inB[0]   ; Input    ; ON          ;
; inB[2]   ; Input    ; ON          ;
; inB[1]   ; Input    ; ON          ;
; inB[3]   ; Input    ; ON          ;
; true_clk ; Input    ; ON          ;
; ps1      ; Input    ; ON          ;
; ps0      ; Input    ; ON          ;
; out1[0]  ; Output   ; OFF         ;
; out1[1]  ; Output   ; OFF         ;
; out1[2]  ; Output   ; OFF         ;
; out1[3]  ; Output   ; OFF         ;
; out2[0]  ; Output   ; OFF         ;
; out2[1]  ; Output   ; OFF         ;
; out2[2]  ; Output   ; OFF         ;
; out2[3]  ; Output   ; OFF         ;
; out3[0]  ; Output   ; OFF         ;
; out3[1]  ; Output   ; OFF         ;
; out3[2]  ; Output   ; OFF         ;
; out3[3]  ; Output   ; OFF         ;
; out4[0]  ; Output   ; OFF         ;
; out4[1]  ; Output   ; OFF         ;
; out4[2]  ; Output   ; OFF         ;
; out4[3]  ; Output   ; OFF         ;
; out5[0]  ; Output   ; OFF         ;
; out5[1]  ; Output   ; OFF         ;
; out5[2]  ; Output   ; OFF         ;
; out5[3]  ; Output   ; OFF         ;
; out6[0]  ; Output   ; OFF         ;
; out6[1]  ; Output   ; OFF         ;
; out6[2]  ; Output   ; OFF         ;
; out6[3]  ; Output   ; OFF         ;
; res      ; Output   ; OFF         ;
; led      ; Output   ; OFF         ;
; eo[0]    ; Output   ; OFF         ;
; eo[1]    ; Output   ; OFF         ;
+----------+----------+-------------+


+--------------+
; Pin-Out File ;
+--------------+
The pin-out file can be found in D:/114514/src/SixDigit_Electronic_Lock_Controller.pin.


+-----------------+
; Fitter Messages ;
+-----------------+
Info: *******************************************************************
Info: Running Quartus II Fitter
    Info: Version 6.0 Build 202 06/20/2006 Service Pack 1 SJ Full Version
    Info: Processing started: Mon Jun 17 16:00:37 2024
Info: Command: quartus_fit --read_settings_files=off --write_settings_files=off SixDigit_Electronic_Lock_Controller -c SixDigit_Electronic_Lock_Controller
Info: Selected device EP1K30TC144-1 for design "SixDigit_Electronic_Lock_Controller"
Info: Timing requirements not specified -- optimizing circuit to achieve the following default global requirements
    Info: Assuming a global fmax requirement of 1000 MHz
    Info: Not setting a global tsu requirement
    Info: Not setting a global tco requirement
    Info: Not setting a global tpd requirement
Info: Inserted 0 logic cells in first fitting attempt
Info: Started fitting attempt 1 on Mon Jun 17 2024 at 16:00:37
Info: Fitter placement preparation operations beginning
Info: Fitter placement preparation operations ending: elapsed time is 00:00:00
Info: Fitter placement operations beginning
Info: Fitter placement operations ending: elapsed time is 00:00:02
Info: Fitter routing operations beginning
Info: Fitter routing operations ending: elapsed time is 00:00:00
Info: Quartus II Fitter was successful. 0 errors, 0 warnings
    Info: Processing ended: Mon Jun 17 16:00:43 2024
    Info: Elapsed time: 00:00:07


